
################################################################################
#
# This file has been generated by SpyGlass:
#     Report Name      : moresimple
#     Report Created by: M10912039
#     Report Created on:  Mon Feb 22 02:22:54 2021
#     Working Directory: /home/DICS_LAB/M10912039/CIC/CIC_2009_grad/sim
#     SpyGlass Version : SpyGlass_vP-2019.06
#     Policy Name      : SpyGlass(SpyGlass_vP-2019.06)
#                        power_est(SpyGlass_vP-2019.06)
#
#     Total Number of Generated Messages :          3
#     Number of Waived Messages          :          0
#     Number of Reported Messages        :          3
#     Number of Overlimit Messages       :          0
#
#
################################################################################

+++++++++++++++++++++++++++++++++++++++++++++++++++++++++++++++++++++++
MORESIMPLE REPORT:
############### FATAL MESSAGES ############### 
+++++++++++++++++++++++++++++++++++++++++++++++++++++++++++++++++++++++++++++++++
ID       Rule         Alias         Severity    File    Line    Wt    Message
======================================================================================
[1]      PECHECK04    ParamCheck    Fatal       N.A.    0       10    No sglib specified in current run. At least one sglib should be specified to run poweraudit rule
+++++++++++++++++++++++++++++++++++++++++++++++++++++++++++++++++++++++++++++++++++++++


############### BuiltIn -> RuleGroup=Blackbox Resolution ###############
+++++++++++++++++++++++++++++++++++++++++++++++++++++++++++++++++++++++++++++++++++++++
ID       Rule                Alias               Severity    File            Line    Wt    Message
======================================================================================
[2]      ErrorAnalyzeBBox    ErrorAnalyzeBBox    Error       ../src/NFC.v    2       10    UnsynthesizedDU: Design Unit 'NFC' (elaborated name 'NFC') not synthesizable; SYNTH_5273 error(s) found during synthesis
+++++++++++++++++++++++++++++++++++++++++++++++++++++++++++++++++++++++++++++++++++++++


############### BuiltIn -> RuleGroup=Design Read ###############
+++++++++++++++++++++++++++++++++++++++++++++++++++++++++++++++++++++++++++++++++++++++
ID       Rule           Alias          Severity    File                                                                         Line    Wt    Message
======================================================================================
[0]      ElabSummary    ElabSummary    Info        ./spyglass-1/power/power_audit/spyglass_reports/SpyGlass/elab_summary.rpt    0       2     Please refer file './spyglass-1/power/power_audit/spyglass_reports/SpyGlass/elab_summary.rpt' for elab summary report
+++++++++++++++++++++++++++++++++++++++++++++++++++++++++++++++++++++++++++++++++++++++
