
################################################################################
#
# This file has been generated by SpyGlass:
#     Report Name      : no_msg_reporting_rules
#     Report Created by: M10912039
#     Report Created on:  Mon Feb 22 02:19:17 2021
#     Working Directory: /home/DICS_LAB/M10912039/CIC/CIC_2009_grad/sim
#     SpyGlass Version : SpyGlass_vP-2019.06
#     Policy Name      : SpyGlass(SpyGlass_vP-2019.06)
#                        clock-reset(SpyGlass_vP-2019.06)
#                        constraints(SpyGlass_vP-2019.06)
#                        latch(SpyGlass_vP-2019.06)
#                        morelint(SpyGlass_vP-2019.06)
#                        openmore(SpyGlass_vP-2019.06)
#                        power_est(SpyGlass_vP-2019.06)
#                        starc(SpyGlass_vP-2019.06)
#                        timing(SpyGlass_vP-2019.06)
#                        txv(SpyGlass_vP-2019.06)
#
#     Total Number of Generated Messages :          1
#     Number of Waived Messages          :          0
#     Number of Reported Messages        :          1
#     Number of Overlimit Messages       :          0
#
#
################################################################################

NO VIOLATION RULE REPORT :
++++++++++++++++++++++++++++++++++++++++++++++++++++++++++++++++++++++++++++++++

Following rules did not produce any violation or waived off during spyglass run

++++++++++++++++++++++++++++++++++++++++++++++++++++++++++++++++++++++++++++++++


================================================================================
	INDEX                                   RULE-NAME
================================================================================
	1                                  Clk_Gen01a
	2                                  Clk_Gen01b
	3                                  Clk_Gen02
	4                                  Clk_Gen03
	5                                  Clk_Gen05
	6                                  Clk_Gen06
	7                                  Clk_Gen08
	8                                  Clk_Gen09
	9                                  Clk_Gen22
	10                                 Clk_Gen23
	11                                 Clk_Lat08
	12                                 Clk_Uncert01
	13                                 Clk_Uncert03
	14                                 Clk_Uncert06
	15                                 Combo_Paths01
	16                                 Combo_Paths02
	17                                 Combo_Paths03
	18                                 Const_Struct04a
	19                                 Const_Struct05
	20                                 Inp_Del01b
	21                                 Inp_Del03a
	22                                 Inp_Del08
	23                                 Inp_Trans01a
	24                                 Load02a
	25                                 Op_Del01b
	26                                 Op_Del03a
	27                                 Op_Del08
	28                                 SDC_Methodology07
	29                                 SDC_Methodology66
	30                                 SDC_Methodology67
	31                                 Show_Case_Analysis
	32                                 Show_Clock_Propagation
================================================================================
