
################################################################################
#
# This file has been generated by SpyGlass:
#     Report Name      : no_msg_reporting_rules
#     Report Created by: M10912039
#     Report Created on:  Mon Feb 22 02:22:01 2021
#     Working Directory: /home/DICS_LAB/M10912039/CIC/CIC_2009_grad/sim
#     SpyGlass Version : SpyGlass_vP-2019.06
#     Policy Name      : SpyGlass(SpyGlass_vP-2019.06)
#                        clock-reset(SpyGlass_vP-2019.06)
#
#     Total Number of Generated Messages :          5
#     Number of Waived Messages          :          0
#     Number of Reported Messages        :          5
#     Number of Overlimit Messages       :          0
#
#
################################################################################

NO VIOLATION RULE REPORT :
++++++++++++++++++++++++++++++++++++++++++++++++++++++++++++++++++++++++++++++++

Following rules did not produce any violation or waived off during spyglass run

++++++++++++++++++++++++++++++++++++++++++++++++++++++++++++++++++++++++++++++++


================================================================================
	INDEX                                   RULE-NAME
================================================================================
	1                                  Ac_cdc01a
	2                                  Ac_clockperiod01
	3                                  Ac_clockperiod02
	4                                  Ac_clockperiod03
	5                                  Ac_coherency06
	6                                  Ac_conv01
	7                                  Ac_conv02
	8                                  Ac_conv03
	9                                  Ac_conv04
	10                                 Ac_crossing01
	11                                 Ac_datahold01a
	12                                 Ac_glitch03
	13                                 Ac_initstate01
	14                                 Ac_resetvalue01
	15                                 Ac_sync01
	16                                 Ac_sync02
	17                                 Ac_unsync01
	18                                 Ac_unsync02
	19                                 Ar_asyncdeassert01
	20                                 Ar_converge01
	21                                 Ar_sync01
	22                                 Ar_syncdeassert01
	23                                 Ar_syncrst_setupcheck01
	24                                 Ar_syncrstactive01
	25                                 Ar_syncrstcombo01
	26                                 Ar_syncrstload01
	27                                 Ar_syncrstload02
	28                                 Ar_syncrstpragma01
	29                                 Ar_syncrstrtl01
	30                                 Ar_unsync01
	31                                 Clock_check10
	32                                 Clock_converge01
	33                                 Clock_glitch05
	34                                 Clock_info01
	35                                 Clock_info03a
	36                                 Clock_info03b
	37                                 Clock_info03c
	38                                 Clock_info05
	39                                 Clock_info05b
	40                                 Clock_info05c
	41                                 Clock_info15
	42                                 Clock_sync05
	43                                 Clock_sync05a
	44                                 Clock_sync06
	45                                 Clock_sync06a
	46                                 FalsePathSetup
	47                                 Info_Case_Analysis
	48                                 Reset_check03
	49                                 Reset_check11
	50                                 Reset_check12
	51                                 Reset_info01
	52                                 Reset_info09a
	53                                 Reset_sync02
	54                                 Reset_sync04
	55                                 Setup_blackbox01
	56                                 Setup_library01
	57                                 Setup_port01
	58                                 Setup_quasi_static01
================================================================================
