SpyGlass run started at 02:13:40 AM on Feb 22 2021 

SpyGlass Predictive Analyzer(R) - Version SpyGlass_vP-2019.06
Synopsys TestMAX(TM)
Last compiled on Jun  2 2019

All Rights Reserved. Use, disclosure or duplication
without prior written permission of Synopsys Inc. is prohibited.
Technical support: email spyglass_support@synopsys.com.

Loading Policy: spyglass (Version: SpyGlass_vP-2019.06) from path: /usr/cad/synopsys/spyglass/2019.06/SPYGLASS_HOME/policies/spyglass
Loading Shared library libspyglassrules-Linux4.spyso from /usr/cad/synopsys/spyglass/2019.06/SPYGLASS_HOME/lib/libspyglassrules-Linux4.spyso 
Loading Shared library libsdcInitRules-Linux4.spyso from /usr/cad/synopsys/spyglass/2019.06/SPYGLASS_HOME/lib/libsdcInitRules-Linux4.spyso 
Loading Shared library librmerules-Linux4.spyso from /usr/cad/synopsys/spyglass/2019.06/SPYGLASS_HOME/lib/librmerules-Linux4.spyso 
Version of Policy 'openmore': SpyGlass_vP-2019.06
Loading Shared library libCoreRules-Linux4.spyso from /usr/cad/synopsys/spyglass/2019.06/SPYGLASS_HOME/lib/libCoreRules-Linux4.spyso 
Loading Shared library libLexRules-Linux4.spyso from /usr/cad/synopsys/spyglass/2019.06/SPYGLASS_HOME/lib/libLexRules-Linux4.spyso 
Loading Shared library libVeLint-Linux4.spyso from /usr/cad/synopsys/spyglass/2019.06/SPYGLASS_HOME/lib/libVeLint-Linux4.spyso 
Loading Shared library libVhLint-Linux4.spyso from /usr/cad/synopsys/spyglass/2019.06/SPYGLASS_HOME/lib/libVhLint-Linux4.spyso 
Version of Policy 'starc': SpyGlass_vP-2019.06
Loading Shared library libVeStarc-Linux4.spyso from /usr/cad/synopsys/spyglass/2019.06/SPYGLASS_HOME/policies/starc/libVeStarc-Linux4.spyso 
Loading Shared library libVhStarc-Linux4.spyso from /usr/cad/synopsys/spyglass/2019.06/SPYGLASS_HOME/policies/starc/libVhStarc-Linux4.spyso 
Version of Policy 'starc2005': SpyGlass_vP-2019.06
Loading Shared library libVeStarc2002-Linux4.spyso from /usr/cad/synopsys/spyglass/2019.06/SPYGLASS_HOME/policies/starc2002/libVeStarc2002-Linux4.spyso 
Loading Shared library libVhStarc2002-Linux4.spyso from /usr/cad/synopsys/spyglass/2019.06/SPYGLASS_HOME/policies/starc2002/libVhStarc2002-Linux4.spyso 
Loading Shared library libVmixedStarc2002-Linux4.spyso from /usr/cad/synopsys/spyglass/2019.06/SPYGLASS_HOME/policies/starc2002/libVmixedStarc2002-Linux4.spyso 
Loading Shared library libVeStarc2005-Linux4.spyso from /usr/cad/synopsys/spyglass/2019.06/SPYGLASS_HOME/policies/starc2005/libVeStarc2005-Linux4.spyso 
Loading Shared library libVmixedStarc2005-Linux4.spyso from /usr/cad/synopsys/spyglass/2019.06/SPYGLASS_HOME/policies/starc2005/libVmixedStarc2005-Linux4.spyso 
Loading Shared library libVhStarc2005-Linux4.spyso from /usr/cad/synopsys/spyglass/2019.06/SPYGLASS_HOME/policies/starc2005/libVhStarc2005-Linux4.spyso 
Version of Policy 'erc': SpyGlass_vP-2019.06
Loading Shared library liberc-Linux4.spyso from /usr/cad/synopsys/spyglass/2019.06/SPYGLASS_HOME/policies/erc/liberc-Linux4.spyso 
Version of Policy 'simulation': SpyGlass_vP-2019.06
Loading Shared library libvcs-Linux4.spyso from /usr/cad/synopsys/spyglass/2019.06/SPYGLASS_HOME/policies/simulation/libvcs-Linux4.spyso 
Version of Policy 'lint': SpyGlass_vP-2019.06
Version of Policy 'latch': SpyGlass_vP-2019.06
Loading Shared library liblatch-Linux4.spyso from /usr/cad/synopsys/spyglass/2019.06/SPYGLASS_HOME/policies/latch/liblatch-Linux4.spyso 
Version of Policy 'morelint': SpyGlass_vP-2019.06
Loading Shared library libVeMoreLint-Linux4.spyso from /usr/cad/synopsys/spyglass/2019.06/SPYGLASS_HOME/policies/morelint/libVeMoreLint-Linux4.spyso 
Loading Shared library libVhMoreLint-Linux4.spyso from /usr/cad/synopsys/spyglass/2019.06/SPYGLASS_HOME/policies/morelint/libVhMoreLint-Linux4.spyso 
Version of Policy 'timing': SpyGlass_vP-2019.06
Loading Shared library libtiming-Linux4.spyso from /usr/cad/synopsys/spyglass/2019.06/SPYGLASS_HOME/policies/timing/libtiming-Linux4.spyso 
Version of Policy 'starc2002': SpyGlass_vP-2019.06
 Reading waiver file "./spyglass-1/lint/lint_rtl/spyglass_spysch/waiver/pragma2Waiver.swl" ...
sca checksum ignored_rules elab_summary ignore_summary stop_summary spyglass_violations sign_off_sevlabel sign_off moresimple_filesort moresimple_rulesort waiver inline summary_sevlabel sev_count count score summary moresimple_turbo moresimple_sevclass no_msg_reporting_rules drag moresimple_error moresimple_warning moresimple simple