
################################################################################
#
# This file has been generated by SpyGlass:
#     Report Name      : no_msg_reporting_rules
#     Report Created by: M10912039
#     Report Created on:  Mon Feb 22 02:19:40 2021
#     Working Directory: /home/DICS_LAB/M10912039/CIC/CIC_2009_grad/sim
#     SpyGlass Version : SpyGlass_vP-2019.06
#     Policy Name      : SpyGlass(SpyGlass_vP-2019.06)
#                        clock-reset(SpyGlass_vP-2019.06)
#                        constraints(SpyGlass_vP-2019.06)
#                        latch(SpyGlass_vP-2019.06)
#                        morelint(SpyGlass_vP-2019.06)
#                        openmore(SpyGlass_vP-2019.06)
#                        power_est(SpyGlass_vP-2019.06)
#                        starc(SpyGlass_vP-2019.06)
#                        timing(SpyGlass_vP-2019.06)
#                        txv(SpyGlass_vP-2019.06)
#
#     Total Number of Generated Messages :          1
#     Number of Waived Messages          :          0
#     Number of Reported Messages        :          1
#     Number of Overlimit Messages       :          0
#
#
################################################################################

NO VIOLATION RULE REPORT :
++++++++++++++++++++++++++++++++++++++++++++++++++++++++++++++++++++++++++++++++

Following rules did not produce any violation or waived off during spyglass run

++++++++++++++++++++++++++++++++++++++++++++++++++++++++++++++++++++++++++++++++


================================================================================
	INDEX                                   RULE-NAME
================================================================================
	1                                  Clk_Gen21
	2                                  Clk_Trans16
	3                                  Clk_Uncert07
	4                                  Disable_Timing02
	5                                  False_Path03
	6                                  False_Path04a
	7                                  High_Fan03b
	8                                  High_Fan03a
	9                                  Inp_Del07a
	10                                 Inp_Del09
	11                                 MCP03
	12                                 MCP04a
	13                                 Op_Del07a
	14                                 Op_Del09
	15                                 SDC_Report01
	16                                 Show_Case_Analysis
	17                                 Show_Clock_Propagation
================================================================================
