
################################################################################
#
# This file has been generated by SpyGlass:
#     Report Name      : moresimple
#     Report Created by: M10912039
#     Report Created on:  Mon Feb 22 02:19:51 2021
#     Working Directory: /home/DICS_LAB/M10912039/CIC/CIC_2009_grad/sim
#     SpyGlass Version : SpyGlass_vP-2019.06
#     Policy Name      : SpyGlass(SpyGlass_vP-2019.06)
#                        clock-reset(SpyGlass_vP-2019.06)
#                        constraints(SpyGlass_vP-2019.06)
#                        latch(SpyGlass_vP-2019.06)
#                        morelint(SpyGlass_vP-2019.06)
#                        openmore(SpyGlass_vP-2019.06)
#                        power_est(SpyGlass_vP-2019.06)
#                        starc(SpyGlass_vP-2019.06)
#                        timing(SpyGlass_vP-2019.06)
#                        txv(SpyGlass_vP-2019.06)
#
#     Total Number of Generated Messages :          1
#     Number of Waived Messages          :          0
#     Number of Reported Messages        :          1
#     Number of Overlimit Messages       :          0
#
#
################################################################################

+++++++++++++++++++++++++++++++++++++++++++++++++++++++++++++++++++++++
MORESIMPLE REPORT:
############### FATAL MESSAGES ############### 
+++++++++++++++++++++++++++++++++++++++++++++++++++++++++++++++++++++++++++++++++
ID       Rule                 Alias    Severity    File    Line    Wt    Message
======================================================================================
[0]      Const_Sanity_Rule             FATAL       N.A.    0       10    No sgdc file specified
+++++++++++++++++++++++++++++++++++++++++++++++++++++++++++++++++++++++++++++++++++++++
