
################################################################################
#
# This file has been generated by SpyGlass:
#     Report Name      : no_msg_reporting_rules
#     Report Created by: M10912039
#     Report Created on:  Mon Feb 22 02:21:47 2021
#     Working Directory: /home/DICS_LAB/M10912039/CIC/CIC_2009_grad/sim
#     SpyGlass Version : SpyGlass_vP-2019.06
#     Policy Name      : SpyGlass(SpyGlass_vP-2019.06)
#                        clock-reset(SpyGlass_vP-2019.06)
#
#     Total Number of Generated Messages :          5
#     Number of Waived Messages          :          0
#     Number of Reported Messages        :          5
#     Number of Overlimit Messages       :          0
#
#
################################################################################

NO VIOLATION RULE REPORT :
++++++++++++++++++++++++++++++++++++++++++++++++++++++++++++++++++++++++++++++++

Following rules did not produce any violation or waived off during spyglass run

++++++++++++++++++++++++++++++++++++++++++++++++++++++++++++++++++++++++++++++++


================================================================================
	INDEX                                   RULE-NAME
================================================================================
	1                                  Ar_converge01
	2                                  Clock_Reset_check01
	3                                  Clock_Reset_check02
	4                                  Clock_Reset_check03
	5                                  Clock_Reset_info01
	6                                  Clock_check01
	7                                  Clock_check04
	8                                  Clock_converge01
	9                                  Clock_glitch02
	10                                 Clock_glitch03
	11                                 Clock_glitch04
	12                                 Clock_info05b
	13                                 Info_Case_Analysis
	14                                 Reset_check01
	15                                 Reset_check02
	16                                 Reset_check03
	17                                 Reset_check04
	18                                 Reset_check06
	19                                 Reset_check07
================================================================================
