
################################################################################
#
# This file has been generated by SpyGlass:
#     Report Name      : no_msg_reporting_rules
#     Report Created by: M10912039
#     Report Created on:  Mon Feb 22 02:18:24 2021
#     Working Directory: /home/DICS_LAB/M10912039/CIC/CIC_2009_grad/sim
#     SpyGlass Version : SpyGlass_vP-2019.06
#     Policy Name      : SpyGlass(SpyGlass_vP-2019.06)
#                        auto-verify(SpyGlass_vP-2019.06)
#                        erc(SpyGlass_vP-2019.06)
#                        latch(SpyGlass_vP-2019.06)
#                        lint(SpyGlass_vP-2019.06)
#                        morelint(SpyGlass_vP-2019.06)
#                        openmore(SpyGlass_vP-2019.06)
#                        simulation(SpyGlass_vP-2019.06)
#                        starc(SpyGlass_vP-2019.06)
#                        starc2005(SpyGlass_vP-2019.06)
#                        timing(SpyGlass_vP-2019.06)
#
#     Total Number of Generated Messages :          8
#     Number of Waived Messages          :          0
#     Number of Reported Messages        :          8
#     Number of Overlimit Messages       :          0
#
#
################################################################################

NO VIOLATION RULE REPORT :
++++++++++++++++++++++++++++++++++++++++++++++++++++++++++++++++++++++++++++++++

Following rules did not produce any violation or waived off during spyglass run

++++++++++++++++++++++++++++++++++++++++++++++++++++++++++++++++++++++++++++++++


================================================================================
	INDEX                                   RULE-NAME
================================================================================
	1                                  BlockHeader
	2                                  BufClock
	3                                  CheckDelayTimescale-ML
	4                                  CombLoop
	5                                  FlopClockConstant
	6                                  FlopEConst
	7                                  FlopSRConst
	8                                  InferLatch
	9                                  LatchFeedback
	10                                 NoAssignX-ML
	11                                 NoXInCase-ML
	12                                 ParamWidthMismatch-ML
	13                                 STARC05-1.2.1.2
	14                                 STARC05-1.3.1.3
	15                                 STARC05-1.4.3.4
	16                                 STARC05-2.1.3.1
	17                                 STARC05-2.1.4.5
	18                                 STARC05-2.1.5.3
	19                                 STARC05-2.1.6.5
	20                                 STARC05-2.10.1.4a
	21                                 STARC05-2.10.1.4b
	22                                 STARC05-2.10.2.3
	23                                 STARC05-2.10.3.2a
	24                                 STARC05-2.11.3.1
	25                                 STARC05-2.2.3.3
	26                                 STARC05-2.3.1.2c
	27                                 STARC05-2.3.1.5b
	28                                 STARC05-2.3.1.6
	29                                 STARC05-2.3.3.1
	30                                 STARC05-2.3.4.1v
	31                                 STARC05-2.4.1.5
	32                                 STARC05-2.5.1.2
	33                                 STARC05-2.5.1.7
	34                                 STARC05-2.5.1.9
	35                                 UndrivenInTerm-ML
	36                                 W110
	37                                 W110a
	38                                 W116
	39                                 W122
	40                                 W156
	41                                 W19
	42                                 W215
	43                                 W216
	44                                 W218
	45                                 W224
	46                                 W240
	47                                 W263
	48                                 W287a
	49                                 W287b
	50                                 W289
	51                                 W292
	52                                 W293
	53                                 W317
	54                                 W336
	55                                 W337
	56                                 W339a
	57                                 W352
	58                                 W362
	59                                 W392
	60                                 W398
	61                                 W414
	62                                 W415
	63                                 W415a
	64                                 W416
	65                                 W421
	66                                 W422
	67                                 W424
	68                                 W426
	69                                 W442a
	70                                 W442b
	71                                 W442c
	72                                 W442f
	73                                 W450L
	74                                 W467
	75                                 W480
	76                                 W481a
	77                                 W481b
	78                                 W486
	79                                 W496a
	80                                 W496b
	81                                 W499
	82                                 W502
	83                                 W505
	84                                 W66
	85                                 W71
	86                                 badimplicitSM1
	87                                 badimplicitSM2
	88                                 badimplicitSM4
	89                                 bothedges
	90                                 checkPinConnectedToSupply
	91                                 mixedsenselist
	92                                 sim_race02
================================================================================
