
################################################################################
#
# This file has been generated by SpyGlass:
#     Report Name      : moresimple
#     Report Created by: M10912039
#     Report Created on:  Mon Feb 22 02:22:42 2021
#     Working Directory: /home/DICS_LAB/M10912039/CIC/CIC_2009_grad/sim
#     SpyGlass Version : SpyGlass_vP-2019.06
#     Policy Name      : SpyGlass(SpyGlass_vP-2019.06)
#                        dft(SpyGlass_vP-2019.06)
#                        dft_dsm(SpyGlass_vP-2019.06)
#
#     Total Number of Generated Messages :          5
#     Number of Waived Messages          :          0
#     Number of Reported Messages        :          5
#     Number of Overlimit Messages       :          0
#
#
################################################################################

+++++++++++++++++++++++++++++++++++++++++++++++++++++++++++++++++++++++
MORESIMPLE REPORT:


############### BuiltIn -> RuleGroup=Blackbox Resolution ###############
+++++++++++++++++++++++++++++++++++++++++++++++++++++++++++++++++++++++++++++++++++++++
ID       Rule                Alias               Severity    File            Line    Wt    Message
======================================================================================
[4]      ErrorAnalyzeBBox    ErrorAnalyzeBBox    Error       ../src/NFC.v    2       10    UnsynthesizedDU: Design Unit 'NFC' (elaborated name 'NFC') not synthesizable; SYNTH_5273 error(s) found during synthesis
+++++++++++++++++++++++++++++++++++++++++++++++++++++++++++++++++++++++++++++++++++++++


############### BuiltIn -> RuleGroup=Design Read ###############
+++++++++++++++++++++++++++++++++++++++++++++++++++++++++++++++++++++++++++++++++++++++
ID       Rule                    Alias                   Severity          File                                                                                     Line    Wt      Message
======================================================================================
[1]      DetectTopDesignUnits    DetectTopDesignUnits    Info              ../src/NFC.v                                                                             2       2       Module NFC is a top level design unit
[2]      SYNTH_5273                                      SynthesisError    ../src/NFC.v                                                                             26      1000    NFC -> Number of bits (16384) for net/variable 'BLOCK_MEM' is greater than mthresh value 4096. Set the 'mthresh' option to a value greater than the indicated number of bits
[0]      ElabSummary             ElabSummary             Info              ./spyglass-1/dft/dft_dsm_random_resistance/spyglass_reports/SpyGlass/elab_summary.rpt    0       2       Please refer file './spyglass-1/dft/dft_dsm_random_resistance/spyglass_reports/SpyGlass/elab_summary.rpt' for elab summary report
[3]      checkCMD_mthresh        checkCMD_mthresh        INFO              N.A.                                                                                     0       10      '1' modules are unsynthesized and inferred as black-box due to mthresh value '4096', this may affect QOR
+++++++++++++++++++++++++++++++++++++++++++++++++++++++++++++++++++++++++++++++++++++++
