ncverilog: 15.20-s039: (c) Copyright 1995-2017 Cadence Design Systems, Inc.
TOOL:	ncverilog	15.20-s039: Started on Feb 26, 2021 at 21:55:47 CST
ncverilog
	-f run.f
		testfixture.v
		../src/NFC.v
	+define+tb4
	+define+NC
	+access+r
Loading snapshot worklib.test:v .................... Done
*Verdi* Loading libsscore_ius152.so
ncsim> source /usr/cad/cadence/INCISIV/cur/tools/inca/files/ncsimrc
ncsim> run
FSDB Dumper for IUS, Release Verdi_O-2018.09, Linux, 08/30/2018
(C) 1996 - 2018 by Synopsys, Inc.
*Verdi* FSDB WARNING: The FSDB file already exists. Overwriting the FSDB file may crash the programs that are using this file.
*Verdi* : Create FSDB file 'nfc_nc.fsdb'
*Verdi* : Begin traversing the scopes, layer (0).
*Verdi* : End of traversing.

Warning!  Timing violation
           $hold( posedge WENeg:3 NS, CLE:3 NS,  1 : 1 NS );
            File: ./flash.v, line = 471
           Scope: test.f1
            Time: 3 NS


Warning!  Timing violation
           $hold( posedge WENeg:3 NS, ALE:3 NS,  1 : 1 NS );
            File: ./flash.v, line = 472
           Scope: test.f1
            Time: 3 NS

Command # 1: Write, A_flash = 1e78cH, A_memory = 00H, Length = 127.
Command # 2: Write, A_flash = 1e1e1H, A_memory = 00H, Length = 127.
Command # 3: Read, A_flash = 1e1e1H, A_memory = 01H, Length = 127.
Command # 4: Read, A_flash = 1e78cH, A_memory = 01H, Length = 127.
Command # 5: Write, A_flash = 1e306H, A_memory = 02H, Length = 125.
Command # 6: Write, A_flash = 03039H, A_memory = 02H, Length = 125.
Command # 7: Read, A_flash = 1e306H, A_memory = 03H, Length = 125.
Command # 8: Read, A_flash = 03039H, A_memory = 03H, Length = 125.
Command # 9: Read, A_flash = 1e78cH, A_memory = 01H, Length = 127.
Command #10: Read, A_flash = 1e1e1H, A_memory = 01H, Length = 127.
------------------------------------------
Internal Memory check successfully!
-------------------PASS-------------------
Simulation complete via $finish(1) at time 204572 NS + 0
./testfixture.v:173       #2 $finish;
ncsim> exit
TOOL:	ncverilog	15.20-s039: Exiting on Feb 26, 2021 at 21:56:01 CST  (total: 00:00:14)
