Invoking simulator...

./simv -ucli -sml=verdi +UVM_VERDI_TRACE=UVM_AWARE +fsdb+gate=off -ucli2Proc
Chronologic VCS simulator copyright 1991-2018
Contains Synopsys proprietary information.
Compiler version O-2018.09; Runtime version O-2018.09;  Feb 23 22:31 2021

*Verdi* Loading libsscore_vcs201809.so

FSDB Dumper for VCS, Release Verdi_O-2018.09, Linux, 08/30/2018
(C) 1996 - 2018 by Synopsys, Inc.

*Verdi* : Create FSDB file '/home/DICS_LAB/M10912039/CIC/CIC_2009_grad/sim/inter.fsdb'

*Verdi* : Flush all FSDB Files at 0 ps.

*Verdi* : Enable RPC Server(20438)

Verdi>run
*Verdi* : Begin traversing the scopes, layer (0).
*Verdi* : End of traversing.
"./flash.v", 472: Timing violation in test.f1
    $hold( posedge WENeg:3000, ALE:3000, limit: 1000 );

"./flash.v", 471: Timing violation in test.f1
    $hold( posedge WENeg:3000, CLE:3000, limit: 1000 );


"./flash.v", 477: Timing violation in test.f1
    $width( negedge WENeg:45000,  : 45000, limit: 3000 );

"./flash.v", 444: Timing violation in test.f1
    $hold( posedge WENeg &&& Check_IO0_WENeg:45000, IO7:45000, limit: 1000 );

"./flash.v", 443: Timing violation in test.f1
    $hold( posedge WENeg &&& Check_IO0_WENeg:45000, IO6:45000, limit: 1000 );

"./flash.v", 442: Timing violation in test.f1
    $hold( posedge WENeg &&& Check_IO0_WENeg:45000, IO5:45000, limit: 1000 );

"./flash.v", 441: Timing violation in test.f1
    $hold( posedge WENeg &&& Check_IO0_WENeg:45000, IO4:45000, limit: 1000 );

"./flash.v", 440: Timing violation in test.f1
    $hold( posedge WENeg &&& Check_IO0_WENeg:45000, IO3:45000, limit: 1000 );

"./flash.v", 439: Timing violation in test.f1
    $hold( posedge WENeg &&& Check_IO0_WENeg:45000, IO2:45000, limit: 1000 );

"./flash.v", 438: Timing violation in test.f1
    $hold( posedge WENeg &&& Check_IO0_WENeg:45000, IO1:45000, limit: 1000 );

"./flash.v", 437: Timing violation in test.f1
    $hold( posedge WENeg &&& Check_IO0_WENeg:45000, IO0:45000, limit: 1000 );

"./flash.v", 471: Timing violation in test.f1
    $hold( posedge WENeg:45000, CLE:45000, limit: 1000 );

Command # 1: Write, A_flash = 00400H, A_memory = 00H, Length =  62.

"./flash.v", 477: Timing violation in test.f1
    $width( negedge WENeg:2065000,  : 2065000, limit: 3000 );

"./flash.v", 444: Timing violation in test.f1
    $hold( posedge WENeg &&& Check_IO0_WENeg:2065000, IO7:2065000, limit: 1000 );

"./flash.v", 443: Timing violation in test.f1
    $hold( posedge WENeg &&& Check_IO0_WENeg:2065000, IO6:2065000, limit: 1000 );

"./flash.v", 442: Timing violation in test.f1
    $hold( posedge WENeg &&& Check_IO0_WENeg:2065000, IO5:2065000, limit: 1000 );

"./flash.v", 441: Timing violation in test.f1
    $hold( posedge WENeg &&& Check_IO0_WENeg:2065000, IO4:2065000, limit: 1000 );

"./flash.v", 440: Timing violation in test.f1
    $hold( posedge WENeg &&& Check_IO0_WENeg:2065000, IO3:2065000, limit: 1000 );

"./flash.v", 439: Timing violation in test.f1
    $hold( posedge WENeg &&& Check_IO0_WENeg:2065000, IO2:2065000, limit: 1000 );

"./flash.v", 438: Timing violation in test.f1
    $hold( posedge WENeg &&& Check_IO0_WENeg:2065000, IO1:2065000, limit: 1000 );

"./flash.v", 437: Timing violation in test.f1
    $hold( posedge WENeg &&& Check_IO0_WENeg:2065000, IO0:2065000, limit: 1000 );

"./flash.v", 471: Timing violation in test.f1
    $hold( posedge WENeg:2065000, CLE:2065000, limit: 1000 );

Command # 2: Read, A_flash = 00400H, A_memory = 40H, Length =  64.

"./flash.v", 477: Timing violation in test.f1
    $width( negedge WENeg:2385000,  : 2385000, limit: 3000 );

"./flash.v", 444: Timing violation in test.f1
    $hold( posedge WENeg &&& Check_IO0_WENeg:2385000, IO7:2385000, limit: 1000 );

"./flash.v", 443: Timing violation in test.f1
    $hold( posedge WENeg &&& Check_IO0_WENeg:2385000, IO6:2385000, limit: 1000 );

"./flash.v", 442: Timing violation in test.f1
    $hold( posedge WENeg &&& Check_IO0_WENeg:2385000, IO5:2385000, limit: 1000 );

"./flash.v", 441: Timing violation in test.f1
    $hold( posedge WENeg &&& Check_IO0_WENeg:2385000, IO4:2385000, limit: 1000 );

"./flash.v", 440: Timing violation in test.f1
    $hold( posedge WENeg &&& Check_IO0_WENeg:2385000, IO3:2385000, limit: 1000 );

"./flash.v", 439: Timing violation in test.f1
    $hold( posedge WENeg &&& Check_IO0_WENeg:2385000, IO2:2385000, limit: 1000 );

"./flash.v", 438: Timing violation in test.f1
    $hold( posedge WENeg &&& Check_IO0_WENeg:2385000, IO1:2385000, limit: 1000 );

"./flash.v", 437: Timing violation in test.f1
    $hold( posedge WENeg &&& Check_IO0_WENeg:2385000, IO0:2385000, limit: 1000 );

"./flash.v", 472: Timing violation in test.f1
    $hold( posedge WENeg:2385000, ALE:2385000, limit: 1000 );

------------------------------------------
Internal Memory check successfully!
-------------------PASS-------------------
$finish called from file "testfixture.v", line 168.
$finish at simulation time              4362000
Simulation complete, time is 4362000 ps.
