version: (200506)

available memory: 64M bytes
used memory: 90112 bytes [need 88K bytes if disable swap]

used block: 4 [memory(4) file(0)]
                 [ 8K(3) 64K(1) { total 88K bytes } ]
overhead: (5790) bytes for (4) blocks [Average: (1447) bytes/block]

write  => 0(times) 0K(bytes) [0K bytes to file]
read   => 1(times) 17K(bytes) [3K bytes compressed data from file]
access => 84811(times) 672M(bytes)
          [hit ratio: 99.9988%]

time: write(0) read(0)  unit: second

swap file directory: (/home/DICS_LAB/M10912039/CIC/CIC_2009_grad/sim/verdiLog)
used swap file number: (1)



swap file manager:
arrSize: (256)
idxCnt: (3)
closeHead: (1)
closeTail: (2)
openCnt: (2)
fid(2): fd(36) fileName(/home/DICS_LAB/M10912039/CIC/CIC_2009_grad/sim/verdiLog/_swap_0001#2106343212#20320)
	size(0) lastModTime(0) curModTime(1614090719)
	mode(w+b)	hot(0) cool(1) pos(0)
fid(1): fd(1073741824) fileName(/home/DICS_LAB/M10912039/CIC/CIC_2009_grad/sim/simv.daidir/kdb.elab++/work.lib++/testfixture.v.tdc)
	size(6607) lastModTime(1614090691) curModTime(1614090691)
	mode(rb)	hot(2) cool(0) pos(0)
fid(0): fd(0) fileName(NULL)
	mode(NULL)	hot(0) cool(0) pos(0)
==================================================
mySelf(1a53d568) pre(1a535620) next(0)
version(200506)
date(Aug 15 2018 23:11:58)
