SpyGlass run started at 02:13:40 AM on Feb 22 2021 

SpyGlass Predictive Analyzer(R) - Version SpyGlass_vP-2019.06
Synopsys TestMAX(TM)
Last compiled on Jun  2 2019

All Rights Reserved. Use, disclosure or duplication
without prior written permission of Synopsys Inc. is prohibited.
Technical support: email spyglass_support@synopsys.com.


Running SpyGlass 64-bit Executable: /usr/cad/synopsys/spyglass/2019.06/SPYGLASS_HOME/obj/check.Linux4

RULE-CHECKING IN MIXED MODE
Loading Policy: spyglass (Version: SpyGlass_vP-2019.06) from path: /usr/cad/synopsys/spyglass/2019.06/SPYGLASS_HOME/policies/spyglass
Loading Shared library libspyglassrules-Linux4.spyso from /usr/cad/synopsys/spyglass/2019.06/SPYGLASS_HOME/lib/libspyglassrules-Linux4.spyso 
Loading Shared library libsdcInitRules-Linux4.spyso from /usr/cad/synopsys/spyglass/2019.06/SPYGLASS_HOME/lib/libsdcInitRules-Linux4.spyso 
Loading Shared library librmerules-Linux4.spyso from /usr/cad/synopsys/spyglass/2019.06/SPYGLASS_HOME/lib/librmerules-Linux4.spyso 
Version of Policy 'power_est': SpyGlass_vP-2019.06
Loading Shared library libBasePowerEst-Linux4.spyso from /usr/cad/synopsys/spyglass/2019.06/SPYGLASS_HOME/policies/power_est/libBasePowerEst-Linux4.spyso 
##build_id : P-2019.06
##system   : Linux dics03.ee.yuntech.edu.tw 3.10.0-1160.15.2.el7.x86_64 #1 SMP Wed Feb 3 15:06:38 UTC 2021 x86_64
##cwd      : /home/DICS_LAB/M10912039/CIC/CIC_2009_grad/sim
##lang     : Verilog+VHDL
##args     : -mSpyGlass::Compatibility::v2_7_3 \
             -mSpyGlass::Compatibility::v2_7_3 \
             -mSpyGlass::Compatibility::v2_7_3 \
             -nl \
             -lib WORK ./spyglass-1/WORK \
             -rules='poweraudit' \
             -policy='power_est' \
             -batch \
             -dbdir './spyglass-1/.SG_SaveRestoreDB' \
             -wdir './spyglass-1/power/power_audit' \
             -mixed \
             -projectwdir './spyglass-1' \
             -templatedir '/usr/cad/synopsys/spyglass/2019.06/SPYGLASS_HOME/GuideWare/latest/block/rtl_handoff' \
             --goal_info 'power/power_audit@' \
             --template_info 'power/power_audit' \
             -report_incr_messages \
             -enable_save_restore \
             -enable_save_restore_builtin 'true' \
             -64bit  \
             ../src/NFC.v

##verbosity level   : 2
##exact cmdline arg : -batch -project spyglass-1.prj -goal power/power_audit -64bit
##spyglass_run.csh begins :
;	cd /home/DICS_LAB/M10912039/CIC/CIC_2009_grad/sim
;	setenv SPYGLASS_LD_PRELOAD /usr/cad/synopsys/spyglass/2019.06/SPYGLASS_HOME/lib/libreplacemalloc.so
;	setenv SPYGLASS_DW_PATH /usr/cad/synopsys/spyglass/2019.06/SPYGLASS_HOME/dw_support
;	/usr/cad/synopsys/spyglass/2019.06/SPYGLASS_HOME/bin/spyglass  -batch -project spyglass-1.prj -goal power/power_audit -64bit
##spyglass_run.csh ends
##files    : ../src/NFC.v 


INFO [76]    Using './spyglass-1/WORK/64' as the Work Directory for 64bit precompiled dump.
Checking Rule PrecompileLibCheck01 (Rule 1 of total 234) .... done (Time = 0.00s, Memory = 0.0K)
Checking Rule PrecompileLibCheck02 (Rule 2 of total 234) .... done (Time = 0.00s, Memory = 0.0K)
Checking Rule PrecompileLibCheck03 (Rule 3 of total 234) .... done (Time = 0.00s, Memory = 0.0K)
Checking Rule PrecompileLibCheck04 (Rule 4 of total 234) .... done (Time = 0.00s, Memory = 0.0K)
Checking Rule ElabSummary (Rule 5 of total 234) .... done (Time = 0.00s, Memory = 0.0K)
Checking Rule AbstractInterface (Rule 6 of total 234) .... done (Time = 0.00s, Memory = 0.0K)
Checking Rule SGDC_assume_path01 (Rule 7 of total 234) .... done (Time = 0.00s, Memory = 0.0K)
Checking Rule SGDC_sdcschema02 (Rule 8 of total 234) .... done (Time = 0.00s, Memory = 32.0K)
Checking Rule SGDC_clock05 (Rule 9 of total 234) .... done (Time = 0.00s, Memory = 0.0K)
Checking Rule SGDC_clock09 (Rule 10 of total 234) .... done (Time = 0.00s, Memory = 0.0K)
Checking Rule SGDC_force_ta05 (Rule 11 of total 234) .... done (Time = 0.00s, Memory = 0.0K)
Checking Rule SGDC_require_path03 (Rule 12 of total 234) .... done (Time = 0.00s, Memory = 8.0K)
Checking Rule SGDC_require_value03 (Rule 13 of total 234) .... done (Time = 0.00s, Memory = 0.0K)
Checking Rule SGDC_voltagedomain05 (Rule 14 of total 234) .... done (Time = 0.00s, Memory = 0.0K)
Checking Rule SGDC_voltagedomain06 (Rule 15 of total 234) .... done (Time = 0.00s, Memory = 8.0K)
Checking Rule SGDC_voltagedomain07 (Rule 16 of total 234) .... done (Time = 0.00s, Memory = 0.0K)
Checking Rule SGDC_powerdomainoutputs02 (Rule 17 of total 234) .... done (Time = 0.00s, Memory = 8.0K)
Checking Rule SGDC_supply01 (Rule 18 of total 234) .... done (Time = 0.00s, Memory = 0.0K)
Checking Rule SGDC_waive01 (Rule 19 of total 234) .... done (Time = 0.00s, Memory = 0.0K)
Checking Rule SGDC_waive02 (Rule 20 of total 234) .... done (Time = 0.00s, Memory = 0.0K)
Checking Rule SGDC_waive03 (Rule 21 of total 234) .... done (Time = 0.00s, Memory = 8.0K)
Checking Rule SGDC_waive04 (Rule 22 of total 234) .... done (Time = 0.00s, Memory = 0.0K)
Checking Rule SGDC_waive05 (Rule 23 of total 234) .... done (Time = 0.00s, Memory = 0.0K)
Checking Rule SGDC_waive06 (Rule 24 of total 234) .... done (Time = 0.00s, Memory = 0.0K)
Checking Rule SGDC_waive07 (Rule 25 of total 234) .... done (Time = 0.00s, Memory = 0.0K)
Checking Rule SGDC_waive08 (Rule 26 of total 234) .... done (Time = 0.00s, Memory = 0.0K)
Checking Rule SGDC_waive09 (Rule 27 of total 234) .... done (Time = 0.00s, Memory = 0.0K)
Checking Rule SGDC_waive10 (Rule 28 of total 234) .... done (Time = 0.00s, Memory = 0.0K)
Checking Rule SGDC_waive11 (Rule 29 of total 234) .... done (Time = 0.00s, Memory = 0.0K)
Checking Rule SGDC_waive12 (Rule 30 of total 234) .... done (Time = 0.00s, Memory = 0.0K)
Checking Rule SGDC_waive13 (Rule 31 of total 234) .... done (Time = 0.00s, Memory = 0.0K)
Checking Rule SGDC_waive21 (Rule 32 of total 234) .... done (Time = 0.00s, Memory = 0.0K)
Checking Rule SGDC_waive22 (Rule 33 of total 234) .... done (Time = 0.00s, Memory = 0.0K)
Checking Rule SGDC_waive30 (Rule 34 of total 234) .... done (Time = 0.00s, Memory = 0.0K)
Checking Rule SGDC_waive32 (Rule 35 of total 234) .... done (Time = 0.00s, Memory = 0.0K)
Checking Rule SGDC_waive33 (Rule 36 of total 234) .... done (Time = 0.00s, Memory = 0.0K)
Checking Rule SGDC_waive36 (Rule 37 of total 234) .... done (Time = 0.00s, Memory = 0.0K)
Checking Rule SGDC_waive38 (Rule 38 of total 234) .... done (Time = 0.00s, Memory = 0.0K)
Checking Rule SGDC_fifo01 (Rule 39 of total 234) .... done (Time = 0.00s, Memory = 0.0K)
Checking Rule SGDC_libgroup01 (Rule 40 of total 234) .... done (Time = 0.00s, Memory = 0.0K)
Checking Rule SGDC_libgroup02 (Rule 41 of total 234) .... done (Time = 0.00s, Memory = 0.0K)
Checking Rule SGDC_libgroup04 (Rule 42 of total 234) .... done (Time = 0.00s, Memory = 0.0K)
Checking Rule SGDC_power_data01 (Rule 43 of total 234) .... done (Time = 0.00s, Memory = 0.0K)
Checking Rule SGDC_ungroup01 (Rule 44 of total 234) .... done (Time = 0.00s, Memory = 8.0K)
Checking Rule SGDC_abstract_port06 (Rule 45 of total 234) .... done (Time = 0.00s, Memory = 0.0K)
Checking Rule SGDC_abstract_port14 (Rule 46 of total 234) .... done (Time = 0.00s, Memory = 0.0K)
Checking Rule SGDC_abstract_port15 (Rule 47 of total 234) .... done (Time = 0.00s, Memory = 16.0K)
Checking Rule SGDC_abstract_port18 (Rule 48 of total 234) .... done (Time = 0.00s, Memory = 0.0K)
Checking Rule sdc_init_rule (Rule 49 of total 234) .... done (Time = 0.00s, Memory = 0.0K)
Checking Rule CMD_ignorelibs01 (Rule 50 of total 234) .... done (Time = 0.00s, Memory = 0.0K)
Checking Rule ReportRuleNotRun (Rule 51 of total 234) .... done (Time = 0.00s, Memory = 0.0K)
Checking Rule SGDC_power_est29 (Rule 52 of total 234) .... done (Time = 0.00s, Memory = 0.0K)
Checking Rule SGDC_power_est39 (Rule 53 of total 234) .... done (Time = 0.00s, Memory = 0.0K)
Checking Rule SGDC_power_est40 (Rule 54 of total 234) .... done (Time = 0.00s, Memory = 0.0K)
Checking Rule SGDC_power_est42 (Rule 55 of total 234) .... done (Time = 0.00s, Memory = 0.0K)
Checking Rule SGDC_power_est57 (Rule 56 of total 234) .... done (Time = 0.00s, Memory = 8.0K)
Checking Rule SGDC_power_est58 (Rule 57 of total 234) .... done (Time = 0.00s, Memory = 0.0K)
Checking Rule SGDC_power_est59 (Rule 58 of total 234) .... done (Time = 0.00s, Memory = 0.0K)
Checking Rule SGDC_power_est62 (Rule 59 of total 234) .... done (Time = 0.00s, Memory = 0.0K)
Checking Rule SGDC_power_est61 (Rule 60 of total 234) .... done (Time = 0.00s, Memory = 0.0K)
Checking Rule SGDC_power_est63 (Rule 61 of total 234) .... done (Time = 0.00s, Memory = 0.0K)
Checking Rule SGDC_power_est65 (Rule 62 of total 234) .... done (Time = 0.00s, Memory = 8.0K)
Checking Rule SGDC_power_est67 (Rule 63 of total 234) .... done (Time = 0.00s, Memory = 0.0K)
Checking Rule SGDC_power_est68 (Rule 64 of total 234) .... done (Time = 0.00s, Memory = 0.0K)
Checking Rule PECHECK04 (Rule 65 of total 234) .... done (Time = 0.00s, Memory = 16.0K)
Checking Rule PECHECK37 (Rule 66 of total 234) .... done (Time = 0.00s, Memory = 0.0K)
Checking Rule PECHECK18 (Rule 67 of total 234) .... done (Time = 0.00s, Memory = 0.0K)
Checking Rule PECHECK20 (Rule 68 of total 234) .... done (Time = 0.00s, Memory = 0.0K)
Checking Rule PECHECK30 (Rule 69 of total 234) .... done (Time = 0.00s, Memory = 0.0K)
Checking Rule PECHECK24 (Rule 70 of total 234) .... done (Time = 0.00s, Memory = 0.0K)
Checking Rule PECHECK28 (Rule 71 of total 234) .... done (Time = 0.00s, Memory = 0.0K)
Checking Rule PECHECK29 (Rule 72 of total 234) .... done (Time = 0.00s, Memory = 0.0K)
Checking Rule PECHECK31 (Rule 73 of total 234) .... done (Time = 0.00s, Memory = 0.0K)
Checking Rule PECHECK53 (Rule 74 of total 234) .... done (Time = 0.00s, Memory = 0.0K)
Checking Rule PECHECK32 (Rule 75 of total 234) .... done (Time = 0.00s, Memory = 0.0K)
Checking Rule PECHECK34 (Rule 76 of total 234) .... done (Time = 0.00s, Memory = 0.0K)
Checking Rule PECHECK47 (Rule 77 of total 234) .... done (Time = 0.00s, Memory = 0.0K)
Checking Rule PEMVDD01 (Rule 78 of total 234) .... done (Time = 0.00s, Memory = 0.0K)
Checking Rule PECHECK54 (Rule 79 of total 234) .... done (Time = 0.00s, Memory = 0.0K)
Checking Rule AnalyzeBBox (Rule 80 of total 234) .... done (Time = 0.00s, Memory = 0.0K)

SpyGlass Rule Checking ABORTED.

Generating data for Console...

Generating moresimple report from './spyglass-1/power/power_audit/spyglass.vdb' to './spyglass-1/power/power_audit/spyglass_reports/moresimple.rpt' ....

Generating runsummary report from './spyglass-1/power/power_audit/spyglass.vdb' ....

Generating no_msg_reporting_rules report from './spyglass-1/power/power_audit/spyglass.vdb' to './spyglass-1/power/power_audit/spyglass_reports/no_msg_reporting_rules.rpt' ....

Generating pe_clock_gating_summary report from './spyglass-1/power/power_audit/spyglass.vdb' to './spyglass-1/power/power_audit/spyglass_reports/pe_clock_gating_summary.rpt' ....

Generating pe_design_stats report from './spyglass-1/power/power_audit/spyglass.vdb' to './spyglass-1/power/power_audit/spyglass_reports/pe_design_stats.rpt' ....

Generating pe_debug_info report from './spyglass-1/power/power_audit/spyglass.vdb' to './spyglass-1/power/power_audit/spyglass_reports/pe_debug_info.rpt' ....

Generating pe_adv_reduction report from './spyglass-1/power/power_audit/spyglass.vdb' to './spyglass-1/power/power_audit/spyglass_reports/pe_adv_reduction.rpt' ....

Generating pe_reduction report from './spyglass-1/power/power_audit/spyglass.vdb' to './spyglass-1/power/power_audit/spyglass_reports/pe_reduction.rpt' ....

Generating pe_wireload report from './spyglass-1/power/power_audit/spyglass.vdb' to './spyglass-1/power/power_audit/spyglass_reports/pe_wireload.rpt' ....

Generating pe_cycle_power report from './spyglass-1/power/power_audit/spyglass.vdb' to './spyglass-1/power/power_audit/spyglass_reports/pe_cycle_power.rpt' ....

Generating pe_summary report from './spyglass-1/power/power_audit/spyglass.vdb' to './spyglass-1/power/power_audit/spyglass_reports/pe_summary.rpt' ....

Generating pe_audit report from './spyglass-1/power/power_audit/spyglass.vdb' to './spyglass-1/power/power_audit/spyglass_reports/pe_audit.rpt' ....

Policy specific data (reports) are present in the directory './spyglass-1/power/power_audit/spyglass_reports'.

SpyGlass critical reports for the current run are present in directory './spyglass-1/consolidated_reports/power_power_audit/'.
##SGDEBUG [PEAK_VMSIZE_END_RULE]: 3706096 KB for entire run at 'SDC2SGDCPARSEW_1.Init' stage
##SGDEBUG [PEAK_SWAP_MEMORY_END_RULE]: 0 KB for entire run
##SGDEBUG [VMPEAK_MEMORY]: 3706144 KB for entire run
##SGDEBUG [PEAK_RSS_MEMORY]: 1007284 KB for entire run
##SGDEBUG [BENCHMARK_ABSOLUTE]: Rule checking aborted: 2 sec, 1.97 sec, 1404064 KB, 3706092 KB
##SGDEBUG [BENCHMARK_INCR]: Rule checking aborted: 2 sec, 1.97 sec, 1404064 KB, 3706092 KB


=====================================================================================
							Rule Parameter Table
=====================================================================================

	PARAMETER-NAME                                     VALUE                DEFAULT VALUE
-------------------------------------------------------------------------------------
	-allow_clock_on_output_port                        no                   no
	-check_clock_group_violations                      no                   no
	-debug_proc                                        no                   no
	-force_genclk_for_txv                              no                   no
	-library_gen_clock_naming                          yes                  yes
	-netlist_clock_polarity                            yes                  yes
	-pe_accurate_activity_calc                         0                    0
	-pe_activity_priority                              sim                  sim
	-pe_advanced_internal_power_calc                   yes                  yes
	-pe_allow_multiple_sglibs                          0                    0
	-pe_allow_non_lrm_spef                             0                    0
	-pe_allowed_flop_data_pins                         1                    1
	-pe_always_labelize_paths                          1                    1
	-pe_auto_infer_slew                                1                    1
	-pe_buffer_slew                                    -1                   -1
	-pe_calc_internal_only_for_memory                  0                    0
	-pe_calc_lk                                        yes                  yes
	-pe_calc_sc                                        yes                  yes
	-pe_calc_sw                                        yes                  yes
	-pe_calibration_data_dir                           UNDEFINED            UNDEFINED
	-pe_compress_reports                               0                    0
	-pe_consolidate_goal                               UNDEFINED            UNDEFINED
	-pe_crdb_filename                                  UNDEFINED            UNDEFINED
	-pe_debug_virtual_buffering                        0                    0
	-pe_detail_pr_debug                                no                   no
	-pe_detailed_cg                                    0                    0
	-pe_disable_goal_consolidation                     1                    1
	-pe_disable_monitor                                no                   no
	-pe_dmi_inst_inst                                  1                    1
	-pe_dmi_net_inst                                   0                    0
	-pe_emulator_db_optimize                           both                 both
	-pe_emulator_run                                   none                 none
	-pe_enable_advance_cgemetric                       0                    0
	-pe_enable_area_based_vt                           1                    1
	-pe_enable_bus_merging_in_platform                 1                    1
	-pe_enable_clock_browser                           1                    1
	-pe_enable_fsdb_trace                              no                   no
	-pe_enable_hpdb_info                               1                    1
	-pe_enable_memory_trace                            no                   no
	-pe_enable_monitor_on_all_nets                     0                    0
	-pe_enable_monitor_on_clock_nets                   0                    0
	-pe_enable_monitor_on_dw_nets                      0                    0
	-pe_enable_monitor_on_enable_nets                  0                    0
	-pe_enable_monitor_on_memory_enable_nets           0                    0
	-pe_enable_monitor_on_mux_select                   0                    0
	-pe_enable_mvdd_mapping                            no                   no
	-pe_enable_name_based_sizing                       0                    0
	-pe_enable_new_power_calc                          0                    0
	-pe_enable_nom_modification                        0                    0
	-pe_enable_old_vt_flow                             0                    0
	-pe_enable_pr_debug                                no                   no
	-pe_enable_swap_on_netlist                         0                    0
	-pe_estimate_macro_power                           1                    1
	-pe_fsdb_dumpOff_consider                          0                    0
	-pe_fsdb_fast_read                                 1                    1
	-pe_fsdb_filename                                  UNDEFINED            UNDEFINED
	-pe_fsdb_session_window                            1                    1
	-pe_fsdb_thread_count                              0                    0
	-pe_generate_correlation_csv                       no                   no
	-pe_glitch_threshold                               0                    0
	-pe_glitch_threshold_debug                         10                   10
	-pe_hierarchy_separator                            UNDEFINED            UNDEFINED
	-pe_high_accuracy                                  no                   no
	-pe_ignore_SGDC_rules                              UNDEFINED            UNDEFINED
	-pe_ignore_latch_in_inferred_clock                 1                    1
	-pe_ignore_multiflops                              1                    1
	-pe_ignore_sim_information                         0                    0
	-pe_ignore_test_pin_for_af                         no                   no
	-pe_include_hanging_nets_for_annotation            1                    1
	-pe_infer_clock_net_bufs                           yes                  yes
	-pe_infer_gatingcell_as_cgc                        1                    1
	-pe_infer_high_fanout_net_bufs                     yes                  yes
	-pe_inferred_clock_threshold                       100                  100
	-pe_limit_extrapolation_range                      0                    0
	-pe_logic_depth                                    15                   15
	-pe_min_percent_for_match_pattern                  0.9                  0.9
	-pe_min_percent_for_max_cap                        0.9                  0.9
	-pe_monitors_in_est                                0                    0
	-pe_mvdd_percent_volt_tolerance                    10                   10
	-pe_mvdd_use_all_voltages                          yes                  yes
	-pe_num_clock_cycles_avg_act                       -1                   -1
	-pe_num_clock_cycles_avg_power                     -1                   -1
	-pe_num_flops_on_undriven_clk                      32                   32
	-pe_num_fsdb_load_session                          1                    1
	-pe_num_nets_spef_info                             50                   50
	-pe_num_unset_nets                                 1000                 1000
	-pe_old_calibration                                0                    0
	-pe_percentage_glitch                              2                    2
	-pe_percentage_unset_nets                          10                   10
	-pe_pin_cap_included                               0                    0
	-pe_pin_capacitance_mode                           worst                worst
	-pe_pin_capacitance_type                           rise_fall_capacitance_range,rise_fall_capacitance,capacitance rise_fall_capacitance_range,rise_fall_capacitance,capacitance
	-pe_platform_debug                                 0                    0
	-pe_prop_fastest_clock                             0                    0
	-pe_propagate_actual_freq                          1                    1
	-pe_queue_for_lic                                  px                   px
	-pe_remove_rme_report_references                   1                    1
	-pe_report_arithmetic_operators                    0                    0
	-pe_report_avg_cge_for_zero_clocks                 no                   no
	-pe_report_slew_values                             1                    1
	-pe_reset_negative_extrapolation_value             0                    0
	-pe_revert_to_old_upf                              1                    1
	-pe_run_profiling                                  0                    0
	-pe_saif_persist_om                                yes                  yes
	-pe_set_cell_allocation                            1                    1
	-pe_show_nonrtl_nets_auto_activity                 no                   no
	-pe_sim_annot_case_sensitivity                     auto                 auto
	-pe_sim_annot_effort_level                         0                    0
	-pe_sim_data_dir                                   UNDEFINED            UNDEFINED
	-pe_sim_enable_multithread                         0                    0
	-pe_sim_enable_save_restore                        2                    2
	-pe_sim_endtime                                    -1                   -1
	-pe_sim_force_save                                 0                    0
	-pe_sim_gen_as_mod                                 0                    0
	-pe_sim_rtl_design_nl                              0                    0
	-pe_sim_starttime                                  -1                   -1
	-pe_sim_topname                                    UNDEFINED            UNDEFINED
	-pe_skip_simulation_info                           0                    0
	-pe_slew                                           0.1                  0.1
	-pe_slew_based_buffering                           0                    0
	-pe_spef_annotation_threshold                      80                   80
	-pe_tao_sglib                                      UNDEFINED            UNDEFINED
	-pe_timing_opt                                     both                 both
	-pe_unannotation_adv_report                        0                    0
	-pe_undriven_net_zero_act                          yes                  yes
	-pe_use_area_categorization                        0                    0
	-pe_use_calibration_data                           UNDEFINED            UNDEFINED
	-pe_vcd_filename                                   UNDEFINED            UNDEFINED
	-pe_wireload_source                                user_lib             user_lib
	-pe_wlmode                                         default              default
	-pe_xfactor                                        0.5                  0.5
	-pe_zebu_perf_debug                                0                    0
	-populate_comboelements_for_minmax_in_fromto       no                   no
	-post_clock_group_population                       no                   no
	-preserve_path                                     no                   no
	-pt                                                yes                  yes
	-sec_atime                                         -1                   -1
	-show_all_sdc_violations                           no                   no
	-show_sdc_progress                                 no                   no
	-suppress_sdc_violation_in_abstract                no                   no
	-tc_cache_empty_collections                        no                   no
	-tc_disable_caching                                no                   no
	-tc_ignored_commands                               unspecified          unspecified
	-tc_stop_parsing_ignored_commands                  no                   no
	-truncate_through                                  yes                  yes
	-write_sdc                                         no                   no
=====================================================================================



=====================================================================================
                               Rule Status Table

 RULE-NAME                      POLICY-NAME     ENABLED VIOL-CNT RULE-TYPE   ERROR-MSG         
=====================================================================================
 PEPROFILER02                   power_est       No             - SETUP          -               
 PRCHECK01                      power_est       No             - FLATDU2_PRD_WL   -               
 PECHECK55                      power_est       No             - FLATDU2_PRD_WL   -               
 PECHECK56                      power_est       No             - RTLTOPDU       -               
 PECHECK25                      power_est       No             - RTLALLDULIST   -               
 PESTR32              (Verilog) power_est       No             - ELABDU         -               
 PESTR32              (VHDL   ) power_est       No             - ELABDU         -               
 PEPWR18                        power_est       No             - FLATDU2_PRD_WL   -               
 PESAE08                        power_est       No             - FLATDU2_PRD_WL   -               
 PECDMISGDC                     power_est       No             - FLATDU2_PRD_WL   -               
 PECWL                          power_est       No             - FLATDU2_PRD_WL   -               
 PESAE07                        power_est       No             - FLATDU2_PRD_WL   -               
 PESAE06                        power_est       No             - FLATDU2_PRD_WL   -               
 PESTR12                        power_est       No             - FLATDU2_PRD_WL   -               
 PESTR11                        power_est       No             - FLATDU2_PRD_WL   -               
 PESTR10                        power_est       No             - FLATDU2_PRD_WL   -               
 PESTR09                        power_est       No             - FLATDU2_PRD_WL   -               
 PESTR08                        power_est       No             - FLATDU2_PRD_WL   -               
 PEPWR06                        power_est       No             - FLATDU2_PRD_WL   -               
 PESTR06                        power_est       No             - FLATDU2_PRD_WL   -               
 PESTR13                        power_est       No             - FLATDU2_PRD_WL   -               
 PEPWR13                        power_est       No             - FLATDU2_PRD_WL   -               
 PEPWR33                        power_est       No             - FLATDU2_PRD_WL   -               
 PECHECK27                      power_est       No             - FLATDU2_PRD_WL   -               
 PECHECK26                      power_est       No             - FLATDU2_PRD_WL   -               
 PESTR05                        power_est       No             - FLATDU2_PRD_WL   -               
 PESTR03                        power_est       No             - FLATDU2_PRD_WL   -               
 PEPROFILER01                   power_est       No             - SETUP          -               
 PECHECK58                      power_est       No             - SETUP          -               
 sgdc2sdc                       power_est       No             - RTLALLDULIST   -               
 PECHECK03                      power_est       No             - FLATDU2_PRD_WL   -               
 PESAE04                        power_est       No             - FLATDU2_PRD_WL   -               
 PESAE03                        power_est       No             - FLATDU2_PRD_WL   -               
 PECLKTREE                      power_est       No             - FLATDU2_PRD_WL   -               
 PESETUP01                      power_est       No             - FLATDU2_PRD_WL   -               
 PEPTAB02                       power_est       No             - RTLALLDULIST   -               
 PEMEMCOND                      power_est       No             - SETUP          -               
 PEPTAB01                       power_est       No             - FLATDU2_PRD_WL   -               
 PEPESD01                       power_est       No             - FLATDU2_PRD_WL   -               
 PRFIFOS01                      power_est       No             - FLATDU2_PRD_WL   -               
 PRARITH01                      power_est       No             - FLATDU2_PRD_WL   -               
 PRCOUNT01                      power_est       No             - FLATDU2_PRD_WL   -               
 PESAE02                        power_est       No             - FLATDU2_PRD_WL   -               
 PEPWR02                        power_est       No             - FLATDU2_PRD_WL   -               
 PEPWR14                        power_est       No             - FLATDU2_PRD_WL   -               
 PEPWR05                        power_est       No             - FLATDU2_PRD_WL   -               
 PESTR27                        power_est       No             - FLATDU2_PRD_WL   -               
 PEPWR03                        power_est       No             - FLATDU2_PRD_WL   -               
 PESTR26                        power_est       No             - FLATDU2_PRD_WL   -               
 PESTR30                        power_est       No             - FLATDU2_PRD_WL   -               
 PESLEWEXTRACT                  power_est       No             - FLATDU2_PRD_WL   -               
 PESTR31                        power_est       No             - FLATDU2_PRD_WL   -               
 PEPWR25                        power_est       No             - FLATDU2_PRD_WL   -               
 PEPWR29                        power_est       No             - FLATDU2_PRD_WL   -               
 PEPWR28                        power_est       No             - FLATDU2_PRD_WL   -               
 PEPWR24                        power_est       No             - FLATDU2_PRD_WL   -               
 PEPWR23                        power_est       No             - FLATDU2_PRD_WL   -               
 PEPWR22                        power_est       No             - FLATDU2_PRD_WL   -               
 PEPWR21                        power_est       No             - FLATDU2_PRD_WL   -               
 PEPWR20                        power_est       No             - FLATDU2_PRD_WL   -               
 PESTR25                        power_est       No             - FLATDU2_PRD_WL   -               
 PESTR29                        power_est       No             - FLATDU2_PRD_WL   -               
 PESTR28                        power_est       No             - FLATDU2_PRD_WL   -               
 PESTR24                        power_est       No             - FLATDU2_PRD_WL   -               
 PESTR23                        power_est       No             - FLATDU2_PRD_WL   -               
 PESTR22                        power_est       No             - FLATDU2_PRD_WL   -               
 PESTR21                        power_est       No             - FLATDU2_PRD_WL   -               
 PESTR20                        power_est       No             - FLATDU2_PRD_WL   -               
 PEPWR01                        power_est       No             - FLATDU2_PRD_WL   -               
 PEATD01                        power_est       No             - FLATDU2_PRD_WL   -               
 PECSA01                        power_est       No             - FLATDU2_PRD_WL   -               
 PEVTDIST                       power_est       No             - FLATDU2_PRD_WL   -               
 PECELLDIST                     power_est       No             - FLATDU2_PRD_WL   -               
 PECHECK02                      power_est       No             - FLATDU2_PRD_WL   -               
 PECHECK12                      power_est       No             - FLATDU2_PRD_WL   -               
 PECHECK10                      power_est       No             - FLATDU2_PRD_WL   -               
 PECHECK01                      power_est       No             - FLATDU2_PRD_WL   -               
 PECHECK13B                     power_est       No             - FLATDU2_PRD_WL   -               
 PECHECK13                      power_est       No             - FLATDU2_PRD_WL   -               
 SGDC_power_est34               power_est       No             - RTLALLDULIST   -               
 PE_UPF_SETUP02                 power_est       No             - VSTOPDU        -               
 SGDC_power_est49               power_est       No             - RTLTOPDU       -               
 SGDC_power_est26               power_est       No             - RTLALLDULIST   -               
 SGDC_power_est25               power_est       No             - RTLALLDULIST   -               
 SGDC_power_est24               power_est       No             - FLATDU2_PRD_WL   -               
 SGDC_power_est20               power_est       No             - RTLALLDULIST   -               
 SGDC_power_est18               power_est       No             - RTLALLDULIST   -               
 SGDC_power_est17               power_est       No             - SETUP          -               
 SGDC_power_est16               power_est       No             - SETUP          -               
 SGDC_power_est15               power_est       No             - RTLALLDULIST   -               
 SGDC_power_est14               power_est       No             - RTLALLDULIST   -               
 SGDC_power_est10               power_est       No             - RTLALLDULIST   -               
 SGDC_power_est09               power_est       No             - RTLALLDULIST   -               
 SGDC_power_est08               power_est       No             - RTLALLDULIST   -               
 SGDC_power_est05               power_est       No             - RTLALLDULIST   -               
 SGDC_power_est04               power_est       No             - RTLALLDULIST   -               
 PECHECK54                      power_est       Yes            0 SETUP          -               
 PECHECK48                      power_est       Yes            0 FLATDU2_PRD_WL   -               
 PEMVDD01                       power_est       Yes            0 SETUP          -               
 PECHECK51                      power_est       Yes            0 FLATDU2_PRD_WL   -               
 PECHECK52                      power_est       Yes            0 FLATDU2_PRD_WL   -               
 PECHECK57                      power_est       Yes            0 VSTOPDU        -               
 PECHECK45                      power_est       Yes            0 RTLALLDULIST   -               
 PECHECK44                      power_est       Yes            0 VSTOPDU        -               
 PECHECK47                      power_est       Yes            0 SETUP          -               
 PECHECK46                      power_est       Yes            0 FLATDU2_PRD_WL   -               
 PECHECK43                      power_est       Yes            0 VSTOPDU        -               
 PECHECK38                      power_est       Yes            0 VSTOPDU        -               
 PECHECK34                      power_est       Yes            0 SETUP          -               
 PECHECK33                      power_est       Yes            0 FLATDU2_PRD_WL   -               
 PECHECK32                      power_est       Yes            0 SETUP          -               
 PECHECK53                      power_est       Yes            0 SETUP          -               
 PECHECK31                      power_est       Yes            0 SETUP          -               
 PECHECK29                      power_est       Yes            0 SETUP          -               
 PECHECK28                      power_est       Yes            0 SETUP          -               
 PECHECK24                      power_est       Yes            0 SETUP          -               
 PECHECK_DVFSIP                 power_est       Yes            0 VSTOPDU        -               
 PECHECK22                      power_est       Yes            0 VSTOPDU        -               
 poweraudit                     power_est       Yes            0 FLATDU2_PRD_WL   -               
 PECHECK21                      power_est       Yes            0 FLATDU2_PRD_WL   -               
 PECON01                        power_est       Yes            0 FLATDU2_PRD_WL   -               
 PERES02                        power_est       Yes            0 FLATDU2_PRD_WL   -               
 PERES01                        power_est       Yes            0 FLATDU2_PRD_WL   -               
 PECHECK50                      power_est       Yes            0 FLATDU2_PRD_WL   -               
 PECHECK30                      power_est       Yes            0 SETUP          -               
 PECHECK20                      power_est       Yes            0 SETUP          -               
 PECHECK23                      power_est       Yes            0 FLATDU2_PRD_WL   -               
 PECHECK16                      power_est       Yes            0 FLATDU2_PRD_WL   -               
 PECHECK18                      power_est       Yes            0 SETUP          -               
 PECHECK15                      power_est       Yes            0 VSTOPDU        -               
 PECHECK14                      power_est       Yes            0 FLATDU2_PRD_WL   -               
 PECHECK09                      power_est       Yes            0 VSTOPDU        -               
 PECHECK42                      power_est       Yes            0 VSTOPDU        -               
 PECHECK08                      power_est       Yes            0 VSTOPDU        -               
 PECHECK07                      power_est       Yes            0 RTLALLDULIST   -               
 PECHECK06                      power_est       Yes            0 FLATDU2_PRD_WL   -               
 PECHECK05                      power_est       Yes            0 VSTOPDU        -               
 PEVLESSINIT                    power_est       Yes            0 FLATDU2_PRD_WL   -               
 PESVASETUP01                   power_est       Yes            0 VSDULIST       -               
 PECHECK41                      power_est       Yes            0 FLATDU2_PRD_WL   -               
 PECHECK39                      power_est       Yes            0 FLATDU2_PRD_WL   -               
 PECHECK11                      power_est       Yes            0 FLATDU2_PRD_WL   -               
 PECHECK37                      power_est       Yes            0 SETUP          -               
 PECHECK40                      power_est       Yes            0 FLATDU2_WL     -               
 PESDCINIT                      power_est       Yes            0 VSDU           -               
 PESPEFINIT                     power_est       Yes            0 VSTOPDU        -               
 PECHECK49                      power_est       Yes            0 FLATDU2_PRD_WL   -               
 PECHECK04                      power_est       Yes            1 SETUP          -               
 SGDC_set_black_box_power02     power_est       Yes            0 SETUP          -               
 SGDC_set_black_box_power01     power_est       Yes            0 SETUP          -               
 SGDC_power_est68               power_est       Yes            0 SETUP          -               
 SGDC_power_est67               power_est       Yes            0 SETUP          -               
 SGDC_power_est66               power_est       Yes            0 FLATDU2_PRD_WL   -               
 SGDC_power_est65               power_est       Yes            0 SETUP          -               
 SGDC_power_est63               power_est       Yes            0 SETUP          -               
 SGDC_power_est61               power_est       Yes            0 SETUP          -               
 SGDC_power_est62               power_est       Yes            0 SETUP          -               
 SGDC_power_est59               power_est       Yes            0 SETUP          -               
 SGDC_power_est58               power_est       Yes            0 SETUP          -               
 SGDC_power_est57               power_est       Yes            0 SETUP          -               
 SGDC_power_est56               power_est       Yes            0 VSTOPDU        -               
 SGDC_power_est55               power_est       Yes            0 VSTOPDU        -               
 SGDC_power_est54               power_est       Yes            0 FLATDU2_PRD_WL   -               
 SGDC_power_est53               power_est       Yes            0 FLATDU2_PRD_WL   -               
 SGDC_power_est52               power_est       Yes            0 VSTOPDU        -               
 SGDC_power_est47               power_est       Yes            0 FLATDU2_PRD_WL   -               
 SGDC_power_est64               power_est       Yes            0 VSTOPDU        -               
 SGDC_power_est46               power_est       Yes            0 SETUP          -               
 SGDC_power_est45               power_est       Yes            0 VSTOPDU        -               
 SGDC_power_est44               power_est       Yes            0 VSTOPDU        -               
 SGDC_power_est43               power_est       Yes            0 VSTOPDU        -               
 SGDC_power_est42               power_est       Yes            0 SETUP          -               
 SGDC_power_est41               power_est       Yes            0 FLATDU2_PRD_WL   -               
 SGDC_power_est40               power_est       Yes            0 SETUP          -               
 SGDC_power_est39               power_est       Yes            0 SETUP          -               
 SGDC_power_est38               power_est       Yes            0 FLATDU2_PRD_WL   -               
 SGDC_power_est37               power_est       Yes            0 VSTOPDU        -               
 SGDC_power_est36               power_est       Yes            0 VSTOPDU        -               
 SGDC_power_est35               power_est       Yes            0 VSTOPDU        -               
 SGDC_power_est29               power_est       Yes            0 SETUP          -               
 SGDC_power_est33               power_est       Yes            0 VSTOPDU        -               
 UPF_power_est05                power_est       Yes            0 VSTOPDU        -               
 UPF_power_est04                power_est       Yes            0 VSTOPDU        -               
 UPF_power_est03                power_est       Yes            0 VSTOPDU        -               
 UPF_power_est02                power_est       Yes            0 VSTOPDU        -               
 UPF_power_est01                power_est       Yes            0 VSTOPDU        -               
 PE_UPF_SETUP                   power_est       Yes            0 FLATDU2_PRD_WL   -               
 SGDC_power_est48               power_est       Yes            0 FLATDU2_PRD_WL   -               
 CPF_power_est02                power_est       Yes            0 VSTOPDU        -               
 CPF_power_est01                power_est       Yes            0 VSTOPDU        -               
 SGDC_power_est51               power_est       Yes            0 FLATDU2_PRD_WL   -               
 SGDC_power_est50               power_est       Yes            0 VSTOPDU        -               
 SGDC_power_est31               power_est       Yes            0 VSTOPDU        -               
 SGDC_power_est30               power_est       Yes            0 VSTOPDU        -               
 SGDC_power_est32               power_est       Yes            0 FLATDU2_PRD_WL   -               
 SGDC_power_est28               power_est       Yes            0 VSTOPDU        -               
 SGDC_power_est27               power_est       Yes            0 VSTOPDU        -               
 SGDC_power_est23               power_est       Yes            0 VSTOPDU        -               
 SGDC_power_est22               power_est       Yes            0 VSTOPDU        -               
 SGDC_power_est21               power_est       Yes            0 FLATDU2_PRD_WL   -               
 SGDC_power_est13               power_est       Yes            0 SETUP          -               
 SGDC_power_est12               power_est       Yes            0 SETUP          -               
 SGDC_power_est11               power_est       Yes            0 VSTOPDU        -               
 SGDC_power_est03               power_est       Yes            0 VSTOPDU        -               
 ElabSummary                    SpyGlass        Yes            1 SETUP          -               
 ErrorAnalyzeBBox               SpyGlass        Yes            1 SETUP          -               
-------------------------------------------------------------------------------------
Note: VSDU type of rules (as seen in the above table) are not run on
      unsynthesized modules reported by 'ErrorAnalyzeBBox/InfoAnalyzeBBox' messages
      (Please see messages starting with keyword 'UnsynthesizedDU')

##status : SpyGlass Rule Checking Aborted.

---------------------------------------------------------------------------------------------
Results Summary:
---------------------------------------------------------------------------------------------
   Goal Run           :      power/power_audit
   Design Read        :      0 fatal,      0 error,        0 warning,      1 information message 
** Blackbox Resolution:      0 fatal,      1 error,        0 warning,      0 information message 
** Policy power_est   :      1 fatal,      0 error,        0 warning,      0 information message 
   -------------------------------------------------------------------------------------
** Total              :      1 fatal,      1 error,        0 warning,      1 information message 

  Total Number of Generated Messages     :         3 (1 fatal, 1 error, 0 warning, 1 Info)
  Number of Reported Messages            :         3 (1 fatal, 1 error, 0 warning, 1 Info)

  NOTE: It is recommended to first fix/reconcile fatals/errors reported on
        lines starting with ** as subsequent issues might be related to it.
        Please re-run SpyGlass once ** prefixed lines are fatal/error clean.

---------------------------------------------------------------------------------------------

Following FATAL message(s) generated in current run -

Rule        Severity   File   Line   Message
-------------------------------------------------------------------------
PECHECK04   Fatal      N.A.   0      No sglib specified in current run. At least one sglib should be specified to run poweraudit rule

FATAL : Rule-checking aborted - usage or run error

---------------------------------------------------------------------------------------------------
Results Summary:
---------------------------------------------------------------------------------------------------
   Goal Run           :      power/power_audit
   Top Module         :      
---------------------------------------------------------------------------------------------------
   Reports Directory: 
   /home/DICS_LAB/M10912039/CIC/CIC_2009_grad/sim/spyglass-1/consolidated_reports/power_power_audit/ 

   SpyGlass LogFile: 
    /home/DICS_LAB/M10912039/CIC/CIC_2009_grad/sim/spyglass-1/power/power_audit/spyglass.log 

   Standard Reports: 
     moresimple.rpt          no_msg_reporting_rules.rpt       

   HTML report:
    /home/DICS_LAB/M10912039/CIC/CIC_2009_grad/sim/spyglass-1/html_reports/goals_summary.html
  

   Technology Reports:    Power( Power Audit )
     pe_design_stats.rpt          pe_audit.rpt          pe_clock_gating_summary.rpt      
     pe_debug_info.rpt          pe_adv_reduction.rpt          pe_reduction.rpt          pe_wireload.rpt      
     pe_cycle_power.rpt          pe_summary.rpt        
   
---------------------------------------------------------------------------------------------------
   Goal Violation Summary:
       Waived   Messages:                      0 Errors,      0 Warnings,      0 Infos
       Reported Messages:         1 Fatals,    1 Errors,      0 Warnings,      1 Infos
---------------------------------------------------------------------------------------------------
   
---------------------------------------------------------------------------------------------------
 
SpyGlass Exit Code 7 (Rule-checking terminated due to FATAL errors - usage or run error)
SpyGlass total run-time is 0:0:2 (2 secs)
SpyGlass total cpu-time is 2 secs
SpyGlass run completed at 02:22:54 AM on Feb 22 2021
