################################################################################
#
# This file has been generated by SpyGlass:
#     Report Created by: M10912039
#     Report Created on: Mon Feb 22 02:23:32 2021
#     Working Directory: /home/DICS_LAB/M10912039/CIC/CIC_2009_grad/sim
#     Report Location  : ./spyglass-1/power/power_guidance/spyglass_reports/SpyGlass/unsynth_modules.rpt
#     SpyGlass Version : SpyGlass_vP-2019.06
#     Policy Name      : SpyGlass(SpyGlass_vP-2019.06)
#     Comment          : This report tells user about the Unsynthesized modules in the Design
#
################################################################################

Design Unit Name : NFC
File             : ../src/NFC.v
Line             : 2
Reason           : SYNTH_5273 error(s) found during synthesis
Cross Ref Id     : REFID_1:SYNTH_5273[7]
BBox Viol Id     : 9
Remedy           : Fix Synthesis errors



Quick Synth Error Reference
===========================================================================================================================================================================================================================================================

ViolId  CrossRefId  RuleName    AliasName  Severity        FileName      LineNo  Violation
-----------------------------------------------------------------------------------------------------------------------------------------------------------------------------------------------------------------------------------------------------------
[7]     REFID_1     SYNTH_5273             SynthesisError  ../src/NFC.v  26      NFC -> Number of bits (16384) for net/variable 'BLOCK_MEM' is greater than mthresh value 4096. Set the 'mthresh' option to a value greater than the indicated number of bits
