
################################################################################
#
# This file has been generated by SpyGlass:
#     Report Name      : no_msg_reporting_rules
#     Report Created by: M10912039
#     Report Created on:  Mon Feb 22 02:22:20 2021
#     Working Directory: /home/DICS_LAB/M10912039/CIC/CIC_2009_grad/sim
#     SpyGlass Version : SpyGlass_vP-2019.06
#     Policy Name      : SpyGlass(SpyGlass_vP-2019.06)
#                        dft(SpyGlass_vP-2019.06)
#
#     Total Number of Generated Messages :          5
#     Number of Waived Messages          :          0
#     Number of Reported Messages        :          5
#     Number of Overlimit Messages       :          0
#
#
################################################################################

NO VIOLATION RULE REPORT :
++++++++++++++++++++++++++++++++++++++++++++++++++++++++++++++++++++++++++++++++

Following rules did not produce any violation or waived off during spyglass run

++++++++++++++++++++++++++++++++++++++++++++++++++++++++++++++++++++++++++++++++


================================================================================
	INDEX                                   RULE-NAME
================================================================================
	1                                  Async_07
	2                                  Async_08
	3                                  Clock_11
	4                                  Clock_11_capture
	5                                  Clock_26
	6                                  Coverage_audit
	7                                  Diagnose_testclock
	8                                  Diagnose_testmode
	9                                  Info_coverage
	10                                 Info_forcedScan
	11                                 Info_inferredNoScan
	12                                 Info_noScan
	13                                 Info_scanwrap
	14                                 Info_testclock
	15                                 Info_testmode
	16                                 Info_testmode_conflict_01
	17                                 Info_untestable
================================================================================
