
################################################################################
#
# This file has been generated by SpyGlass:
#     Report Name      : no_msg_reporting_rules
#     Report Created by: M10912039
#     Report Created on:  Mon Feb 22 02:21:54 2021
#     Working Directory: /home/DICS_LAB/M10912039/CIC/CIC_2009_grad/sim
#     SpyGlass Version : SpyGlass_vP-2019.06
#     Policy Name      : SpyGlass(SpyGlass_vP-2019.06)
#                        clock-reset(SpyGlass_vP-2019.06)
#
#     Total Number of Generated Messages :          5
#     Number of Waived Messages          :          0
#     Number of Reported Messages        :          5
#     Number of Overlimit Messages       :          0
#
#
################################################################################

NO VIOLATION RULE REPORT :
++++++++++++++++++++++++++++++++++++++++++++++++++++++++++++++++++++++++++++++++

Following rules did not produce any violation or waived off during spyglass run

++++++++++++++++++++++++++++++++++++++++++++++++++++++++++++++++++++++++++++++++


================================================================================
	INDEX                                   RULE-NAME
================================================================================
	1                                  Ac_abstract_validation02
	2                                  Ac_coherency06
	3                                  Ac_conv01
	4                                  Ac_conv02
	5                                  Ac_conv03
	6                                  Ac_conv04
	7                                  Ac_crossing01
	8                                  Ac_glitch03
	9                                  Ac_initstate01
	10                                 Ac_resetvalue01
	11                                 Ac_sync01
	12                                 Ac_sync02
	13                                 Ac_unsync01
	14                                 Ac_unsync02
	15                                 Ar_asyncdeassert01
	16                                 Ar_converge01
	17                                 Ar_sync01
	18                                 Ar_syncdeassert01
	19                                 Ar_syncrst_setupcheck01
	20                                 Ar_syncrstactive01
	21                                 Ar_syncrstcombo01
	22                                 Ar_syncrstload01
	23                                 Ar_syncrstload02
	24                                 Ar_syncrstpragma01
	25                                 Ar_syncrstrtl01
	26                                 Ar_unsync01
	27                                 Clock_check10
	28                                 Clock_converge01
	29                                 Clock_glitch05
	30                                 Clock_info01
	31                                 Clock_info03a
	32                                 Clock_info03b
	33                                 Clock_info03c
	34                                 Clock_info05
	35                                 Clock_info05b
	36                                 Clock_info05c
	37                                 Clock_info15
	38                                 Clock_sync05
	39                                 Clock_sync05a
	40                                 Clock_sync06
	41                                 Clock_sync06a
	42                                 FalsePathSetup
	43                                 Info_Case_Analysis
	44                                 Reset_check03
	45                                 Reset_check11
	46                                 Reset_check12
	47                                 Reset_info01
	48                                 Reset_info09a
	49                                 Reset_sync02
	50                                 Reset_sync04
	51                                 SGDC_abstract_mapping01
	52                                 Setup_blackbox01
	53                                 Setup_library01
	54                                 Setup_port01
	55                                 Setup_quasi_static01
================================================================================
