
################################################################################
#
# This file has been generated by SpyGlass:
#     Report Name      : moresimple
#     Report Created by: M10912039
#     Report Created on:  Mon Feb 22 02:23:29 2021
#     Working Directory: /home/DICS_LAB/M10912039/CIC/CIC_2009_grad/sim
#     SpyGlass Version : SpyGlass_vP-2019.06
#     Policy Name      : SpyGlass(SpyGlass_vP-2019.06)
#                        power_est(SpyGlass_vP-2019.06)
#
#     Total Number of Generated Messages :         10
#     Number of Waived Messages          :          0
#     Number of Reported Messages        :         10
#     Number of Overlimit Messages       :          0
#
#
################################################################################

+++++++++++++++++++++++++++++++++++++++++++++++++++++++++++++++++++++++
MORESIMPLE REPORT:


############### BuiltIn -> RuleGroup=Blackbox Resolution ###############
+++++++++++++++++++++++++++++++++++++++++++++++++++++++++++++++++++++++++++++++++++++++
ID       Rule                Alias               Severity    File            Line    Wt    Message
======================================================================================
[9]      ErrorAnalyzeBBox    ErrorAnalyzeBBox    Error       ../src/NFC.v    2       10    UnsynthesizedDU: Design Unit 'NFC' (elaborated name 'NFC') not synthesizable; SYNTH_5273 error(s) found during synthesis
+++++++++++++++++++++++++++++++++++++++++++++++++++++++++++++++++++++++++++++++++++++++


############### BuiltIn -> RuleGroup=Design Read ###############
+++++++++++++++++++++++++++++++++++++++++++++++++++++++++++++++++++++++++++++++++++++++
ID       Rule                    Alias                   Severity          File                                                                            Line    Wt      Message
======================================================================================
[1]      DetectTopDesignUnits    DetectTopDesignUnits    Info              ../src/NFC.v                                                                    2       2       Module NFC is a top level design unit
[7]      SYNTH_5273                                      SynthesisError    ../src/NFC.v                                                                    26      1000    NFC -> Number of bits (16384) for net/variable 'BLOCK_MEM' is greater than mthresh value 4096. Set the 'mthresh' option to a value greater than the indicated number of bits
[0]      ElabSummary             ElabSummary             Info              ./spyglass-1/power/power_guidance/spyglass_reports/SpyGlass/elab_summary.rpt    0       2       Please refer file './spyglass-1/power/power_guidance/spyglass_reports/SpyGlass/elab_summary.rpt' for elab summary report
[8]      checkCMD_mthresh        checkCMD_mthresh        INFO              N.A.                                                                            0       10      '1' modules are unsynthesized and inferred as black-box due to mthresh value '4096', this may affect QOR
+++++++++++++++++++++++++++++++++++++++++++++++++++++++++++++++++++++++++++++++++++++++


############### Non-BuiltIn -> Goal=power/power_guidance ###############
+++++++++++++++++++++++++++++++++++++++++++++++++++++++++++++++++++++++++++++++++++++++
ID       Rule       Alias    Severity    File            Line    Wt    Message
======================================================================================
[2]      PESTR32             Warning     ../src/NFC.v    76      10    Flop 'cs' is assigned a value with each clock edge, including the assignment of constant 'RST' when condition is 'rst' [Hierarchy: ':NFC']
[3]      PESTR32             Warning     ../src/NFC.v    77      10    Flop 'cs_f' is assigned a value with each clock edge, including the assignment of constant 'F_IDLE' when condition is 'rst' [Hierarchy: ':NFC']
[6]      PESTR32             Warning     ../src/NFC.v    312     10    Flop 'M_RW' is assigned a value with each clock edge, including the assignment of constant '1'd1' when condition is 'rst' [Hierarchy: ':NFC']
[5]      PESTR32             Warning     ../src/NFC.v    314     10    Flop 'M_RW' is assigned a value with each clock edge, including the assignment of constant '1'd0' when condition is '(((cs==WRITE_M)&&(ns==WRITE_M))||((cs==READ_F)&&(ns==WRITE_M)))' [Hierarchy: ':NFC']
[4]      PESTR32             Warning     ../src/NFC.v    315     10    Flop 'M_RW' is assigned a value with each clock edge, including the assignment of constant '1'd1' when condition is 'else' [Hierarchy: ':NFC']
+++++++++++++++++++++++++++++++++++++++++++++++++++++++++++++++++++++++++++++++++++++++
