
################################################################################
#
# This file has been generated by SpyGlass:
#     Report Name      : no_msg_reporting_rules
#     Report Created by: M10912039
#     Report Created on:  Mon Feb 22 02:22:37 2021
#     Working Directory: /home/DICS_LAB/M10912039/CIC/CIC_2009_grad/sim
#     SpyGlass Version : SpyGlass_vP-2019.06
#     Policy Name      : SpyGlass(SpyGlass_vP-2019.06)
#                        dft(SpyGlass_vP-2019.06)
#                        dft_dsm(SpyGlass_vP-2019.06)
#
#     Total Number of Generated Messages :          5
#     Number of Waived Messages          :          0
#     Number of Reported Messages        :          5
#     Number of Overlimit Messages       :          0
#
#
################################################################################

NO VIOLATION RULE REPORT :
++++++++++++++++++++++++++++++++++++++++++++++++++++++++++++++++++++++++++++++++

Following rules did not produce any violation or waived off during spyglass run

++++++++++++++++++++++++++++++++++++++++++++++++++++++++++++++++++++++++++++++++


================================================================================
	INDEX                                   RULE-NAME
================================================================================
	1                                  Atspeed_03
	2                                  Atspeed_04
	3                                  Atspeed_05
	4                                  Atspeed_06
	5                                  Atspeed_07
	6                                  Atspeed_09
	7                                  Atspeed_11
	8                                  Atspeed_14
	9                                  Atspeed_19
	10                                 Atspeed_20
	11                                 Atspeed_22
	12                                 Atspeed_25
	13                                 Atspeed_30
	14                                 CG_01_atspeed
	15                                 CG_01_capture
	16                                 CG_01_shift
	17                                 CG_02_atspeed
	18                                 CG_02_capture
	19                                 CG_03_atspeed
	20                                 CG_03_capture
	21                                 CG_07
	22                                 CG_generateReport
	23                                 Diagnose_02
	24                                 Diagnose_03
	25                                 Diagnose_04
	26                                 Info_atSpeedClock
	27                                 Info_noAtspeed
	28                                 Info_synthRedundant
	29                                 Info_testclock
	30                                 Info_testmode
	31                                 Info_transitionCoverage
	32                                 Info_transitionCoverage_audit
================================================================================
