
################################################################################
#
# This file has been generated by SpyGlass:
#     Report Name      : no_msg_reporting_rules
#     Report Created by: M10912039
#     Report Created on:  Mon Feb 22 02:23:29 2021
#     Working Directory: /home/DICS_LAB/M10912039/CIC/CIC_2009_grad/sim
#     SpyGlass Version : SpyGlass_vP-2019.06
#     Policy Name      : SpyGlass(SpyGlass_vP-2019.06)
#                        power_est(SpyGlass_vP-2019.06)
#
#     Total Number of Generated Messages :         10
#     Number of Waived Messages          :          0
#     Number of Reported Messages        :         10
#     Number of Overlimit Messages       :          0
#
#
################################################################################

NO VIOLATION RULE REPORT :
++++++++++++++++++++++++++++++++++++++++++++++++++++++++++++++++++++++++++++++++

Following rules did not produce any violation or waived off during spyglass run

++++++++++++++++++++++++++++++++++++++++++++++++++++++++++++++++++++++++++++++++


================================================================================
	INDEX                                   RULE-NAME
================================================================================
	1                                  PESTR08
	2                                  PESTR09
	3                                  PESTR10
	4                                  PESTR11
	5                                  PESTR12
	6                                  PRARITH01
	7                                  PRCOUNT01
================================================================================
