################################################################################
#
# This file has been generated by SpyGlass:
#     Report Created by: M10912039
#     Report Created on: Mon Feb 22 02:22:43 2021
#     Working Directory: /home/DICS_LAB/M10912039/CIC/CIC_2009_grad/sim
#     Report Location  : ./spyglass-1/dft/dft_dsm_random_resistance/spyglass_reports/dft/dft_optional_sgdc.rpt
#     SpyGlass Version : SpyGlass_vP-2019.06
#     Policy Name      : dft(SpyGlass_vP-2019.06)
#     Comment          : Generated by rule dftOptional_Constraint_Check
#
################################################################################

################################################################################
# Purpose :
#     This file has been generated by DFT-Rule
#     'dft_Optional_Constraint_Check'. It has
#     list of all the missing optional constraint
#     needed by a dft rule.
#     'Optional constraints, however, only affect the rule-behaviour.
################################################################################


################################################################################
# Format :
#     For each top-level module, and for each 'enabled' rule, the 'optional'
#     constraints required are listed. Alongside the constraint name is a '[+]'
#     or a '[-]' to indicate whether that constraint was found or not.
################################################################################
################################################################################
              RULE                       OPTIONAL CONSTRAINT
################################################################################


Current_Design : NFC
----------------------------------------------------------------------
