
################################################################################
#
# This file has been generated by SpyGlass:
#     Report Name      : no_msg_reporting_rules
#     Report Created by: M10912039
#     Report Created on:  Mon Feb 22 02:22:27 2021
#     Working Directory: /home/DICS_LAB/M10912039/CIC/CIC_2009_grad/sim
#     SpyGlass Version : SpyGlass_vP-2019.06
#     Policy Name      : SpyGlass(SpyGlass_vP-2019.06)
#                        dft(SpyGlass_vP-2019.06)
#
#     Total Number of Generated Messages :          5
#     Number of Waived Messages          :          0
#     Number of Reported Messages        :          5
#     Number of Overlimit Messages       :          0
#
#
################################################################################

NO VIOLATION RULE REPORT :
++++++++++++++++++++++++++++++++++++++++++++++++++++++++++++++++++++++++++++++++

Following rules did not produce any violation or waived off during spyglass run

++++++++++++++++++++++++++++++++++++++++++++++++++++++++++++++++++++++++++++++++


================================================================================
	INDEX                                   RULE-NAME
================================================================================
	1                                  Async_02_capture
	2                                  Async_03
	3                                  Async_07
	4                                  Async_08
	5                                  Async_11
	6                                  BIST_01
	7                                  Clock_04
	8                                  Clock_08
	9                                  Clock_09
	10                                 Clock_11
	11                                 Clock_11_capture
	12                                 Clock_16
	13                                 Clock_17
	14                                 Clock_21
	15                                 Clock_26
	16                                 Clock_27
	17                                 Clock_28
	18                                 Coverage_audit
	19                                 Diagnose_testclock
	20                                 Diagnose_testmode
	21                                 Info_coverage
	22                                 Info_forcedScan
	23                                 Info_inferredNoScan
	24                                 Info_noFault
	25                                 Info_noScan
	26                                 Info_scanchain
	27                                 Info_scanwrap
	28                                 Info_synthRedundant
	29                                 Info_testclock
	30                                 Info_testmode
	31                                 Info_testmode_conflict_01
	32                                 Info_uncontrollable
	33                                 Info_undetectCause
	34                                 Info_unobservable
	35                                 Info_untestable
	36                                 Info_unused
	37                                 Latch_02
	38                                 Latch_08
	39                                 Latch_10
	40                                 Scan_07
	41                                 Scan_22
	42                                 Scan_24
	43                                 Scan_25
	44                                 Scan_26
	45                                 Soc_04
	46                                 TA_09
	47                                 Topology_01
	48                                 Topology_02
	49                                 Topology_03
	50                                 Topology_05
	51                                 Topology_10
	52                                 Topology_13
	53                                 Tristate_06
	54                                 Tristate_07_shift
================================================================================
