
################################################################################
#
# This file has been generated by SpyGlass:
#     Report Name      : no_msg_reporting_rules
#     Report Created by: M10912039
#     Report Created on:  Mon Feb 22 02:20:19 2021
#     Working Directory: /home/DICS_LAB/M10912039/CIC/CIC_2009_grad/sim
#     SpyGlass Version : SpyGlass_vP-2019.06
#     Policy Name      : SpyGlass(SpyGlass_vP-2019.06)
#                        clock-reset(SpyGlass_vP-2019.06)
#                        constraints(SpyGlass_vP-2019.06)
#                        latch(SpyGlass_vP-2019.06)
#                        morelint(SpyGlass_vP-2019.06)
#                        openmore(SpyGlass_vP-2019.06)
#                        power_est(SpyGlass_vP-2019.06)
#                        starc(SpyGlass_vP-2019.06)
#                        timing(SpyGlass_vP-2019.06)
#                        txv(SpyGlass_vP-2019.06)
#
#     Total Number of Generated Messages :          1
#     Number of Waived Messages          :          0
#     Number of Reported Messages        :          1
#     Number of Overlimit Messages       :          0
#
#
################################################################################

NO VIOLATION RULE REPORT :
++++++++++++++++++++++++++++++++++++++++++++++++++++++++++++++++++++++++++++++++

Following rules did not produce any violation or waived off during spyglass run

++++++++++++++++++++++++++++++++++++++++++++++++++++++++++++++++++++++++++++++++


================================================================================
	INDEX                                   RULE-NAME
================================================================================
	1                                  MCP_Check01
	2                                  Show_Case_Analysis
	3                                  Show_Clock_Propagation
	4                                  Txv_Info01
	5                                  Txv_Info05
	6                                  Txv_Info06
	7                                  Txv_MCP01
	8                                  Txv_MCP_StartEnd01
	9                                  Txv_MCP_Warn05
	10                                 Txv_resetvalue01
================================================================================
